ERROR      - 2024-08-22 17:33:32,069 - func - Неверный формат порядкового номера дня недели в месяце: 6
ERROR      - 2024-08-22 18:09:59,930 - func - Неверный формат 1й
ERROR      - 2024-08-22 18:13:53,001 - func - Неверный формат месяца: 8
ERROR      - 2024-08-22 18:15:29,929 - func - Неверный формат 1 <built-in method weekday of datetime.datetime object at 0x000002652B9EF360> августа
ERROR      - 2024-08-22 18:15:40,442 - func - Неверный формат дня недели: 1
ERROR      - 2024-08-22 18:16:55,296 - func - Неверный формат дня недели: 1
ERROR      - 2024-08-22 18:17:10,856 - func - Неверный формат дня недели: 1
ERROR      - 2024-08-22 18:17:22,213 - func - Неверный формат 1 1 августа
ERROR      - 2024-08-22 18:17:22,213 - func - Неверный формат дня недели: 1
ERROR      - 2024-08-22 18:18:01,658 - func - Неверный формат 1 <built-in method weekday of datetime.datetime object at 0x0000024B9AC191A0> августа
ERROR      - 2024-08-22 18:18:25,275 - func - Неверный формат 1 <built-in method weekday of datetime.datetime object at 0x000002A0D49191D0> августа
ERROR      - 2024-08-22 18:18:45,974 - func - Неверный формат 1 <built-in method weekday of datetime.datetime object at 0x000002D9DC8491D0> августа
ERROR      - 2024-08-22 18:22:14,739 - func - Неверный формат 1 <built-in method weekday of datetime.datetime object at 0x00000294D269F360> августа
ERROR      - 2024-08-22 18:27:07,140 - func - Неверный формат дня недели: 3
ERROR      - 2024-08-22 18:27:56,152 - <module> - ['-m', 'августа']
ERROR      - 2024-08-22 18:27:56,152 - func - Неверный формат дня недели: 3
ERROR      - 2024-08-22 18:28:50,234 - <module> - 3
ERROR      - 2024-08-22 18:28:50,234 - func - Неверный формат дня недели: 3
ERROR      - 2024-08-22 18:29:25,993 - <module> - 3
ERROR      - 2024-08-22 18:29:25,993 - <module> - августа
ERROR      - 2024-08-22 18:29:25,993 - func - Неверный формат дня недели: 3
ERROR      - 2024-08-22 18:29:40,348 - <module> - 3
ERROR      - 2024-08-22 18:29:40,348 - <module> - августа
ERROR      - 2024-08-22 18:29:40,348 - func - Неверный формат дня недели: 3
ERROR      - 2024-08-22 18:29:55,938 - <module> - 3
ERROR      - 2024-08-22 18:29:55,938 - <module> - 1
ERROR      - 2024-08-22 18:29:55,938 - func - Неверный формат дня недели: 3
